<?xml version="1.0" encoding="UTF-8"?>
<!-- Generated by org.testng.reporters.JUnitReportReporter -->
<testsuite skipped="0" hostname="ip-172-31-86-173" name="test.AfterLoginTest" tests="1" failures="0" timestamp="20 Dec 2021 06:10:25 GMT" time="2.493" errors="0">
  <testcase name="afterLogin" time="2.493" classname="test.AfterLoginTest"/>
</testsuite> <!-- test.AfterLoginTest -->
