<?xml version="1.0" encoding="UTF-8"?>
<!-- Generated by org.testng.reporters.JUnitReportReporter -->
<testsuite skipped="0" hostname="ip-172-31-86-173" name="test.LoginPageTest" tests="2" failures="0" timestamp="20 Dec 2021 06:10:25 GMT" time="2.720" errors="0">
  <testcase name="PositiveLoginTest" time="1.410" classname="test.LoginPageTest"/>
  <testcase name="NegetiveLoginTest" time="1.310" classname="test.LoginPageTest"/>
</testsuite> <!-- test.LoginPageTest -->
